<testsuites id="" name="" tests="2" failures="1" skipped="0" errors="0" time="7.740221000000835">
<testsuite name="productPage.test.js" timestamp="2025-07-29T03:44:29.102Z" hostname="Chrome" tests="2" failures="1" skipped="0" time="6.749" errors="0">
<testcase name="Product Management Test Cases › Should add a new product successfully" classname="productPage.test.js" time="2.821">
</testcase>
<testcase name="Product Management Test Cases › Should login successfully with valid credentials" classname="productPage.test.js" time="3.928">
<failure message="productPage.test.js:14:9 Should login successfully with valid credentials" type="FAILURE">
<![CDATA[  [Chrome] › productPage.test.js:14:9 › Product Management Test Cases › Should login successfully with valid credentials › Verify the products page shopping cart icon and product sort container visible  

    ReferenceError: productsPage is not defined

      23 | 				`Verify the products page shopping cart icon and product sort container visible `,
      24 | 				async () => {
    > 25 | 					await productsPage.shoppingCartLink()
         | 					^
      26 | 					await productsPage.productSortContainerVisible()
      27 | 				}
      28 | 			)

        at C:\Users\CYBERWORLD\Documents\Workspaces\Full-stack-automation\Application-with-CRUD-operation\playwright\tests\productPage.test.js:25:6
        at C:\Users\CYBERWORLD\Documents\Workspaces\Full-stack-automation\Application-with-CRUD-operation\playwright\tests\productPage.test.js:22:15

    attachment #1: video (video/webm) ──────────────────────────────────────────────────────────
    test-results\productPage-Product-Management-Test-Cases-Should-login-successfully-with-valid-credentials-Chrome\video.webm
    ────────────────────────────────────────────────────────────────────────────────────────────

    attachment #2: screenshot (image/png) ──────────────────────────────────────────────────────
    test-results\productPage-Product-Management-Test-Cases-Should-login-successfully-with-valid-credentials-Chrome\test-failed-1.png
    ────────────────────────────────────────────────────────────────────────────────────────────

    attachment #3: trace (application/zip) ─────────────────────────────────────────────────────
    test-results\productPage-Product-Management-Test-Cases-Should-login-successfully-with-valid-credentials-Chrome\trace.zip
    Usage:

        npx playwright show-trace test-results\productPage-Product-Management-Test-Cases-Should-login-successfully-with-valid-credentials-Chrome\trace.zip

    ────────────────────────────────────────────────────────────────────────────────────────────
]]>
</failure>
<system-out>
<![CDATA[
[[ATTACHMENT|..\test-results\productPage-Product-Management-Test-Cases-Should-login-successfully-with-valid-credentials-Chrome\video.webm]]

[[ATTACHMENT|..\test-results\productPage-Product-Management-Test-Cases-Should-login-successfully-with-valid-credentials-Chrome\test-failed-1.png]]

[[ATTACHMENT|..\test-results\productPage-Product-Management-Test-Cases-Should-login-successfully-with-valid-credentials-Chrome\trace.zip]]
]]>
</system-out>
</testcase>
</testsuite>
</testsuites>